<?xml version="1.0" encoding="UTF-8"?>
<testng-results skipped="0" failed="0" total="2" passed="2">
  <reporter-output>
  </reporter-output>
  <suite name="org.jhotdraw.draw.AbstractFigureNGTest" duration-ms="29" started-at="2018-11-05T11:26:55Z" finished-at="2018-11-05T11:26:55Z">
    <groups>
    </groups>
    <test name="Command line test" duration-ms="29" started-at="2018-11-05T11:26:55Z" finished-at="2018-11-05T11:26:55Z">
      <class name="org.jhotdraw.draw.AbstractFigureNGTest">
        <test-method status="PASS" signature="setUpClass()[pri:0, instance:org.jhotdraw.draw.AbstractFigureNGTest@3796751b]" name="setUpClass" is-config="true" duration-ms="10" started-at="2018-11-05T04:26:55Z" finished-at="2018-11-05T04:26:55Z">
          <reporter-output>
          </reporter-output>
        </test-method> <!-- setUpClass -->
        <test-method status="PASS" signature="testChangedWithoutWillChange()[pri:0, instance:org.jhotdraw.draw.AbstractFigureNGTest@3796751b]" name="testChangedWithoutWillChange" duration-ms="4" started-at="2018-11-05T04:26:55Z" finished-at="2018-11-05T04:26:55Z">
          <exception class="java.lang.IllegalStateException">
            <message>
              <![CDATA[changed was called without a prior call to willChange. 0]]>
            </message>
            <full-stacktrace>
              <![CDATA[java.lang.IllegalStateException: changed was called without a prior call to willChange. 0
	at org.jhotdraw.draw.AbstractFigure.changed(AbstractFigure.java:414)
	at org.jhotdraw.draw.AbstractFigureNGTest.testChangedWithoutWillChange(AbstractFigureNGTest.java:60)
	at sun.reflect.NativeMethodAccessorImpl.invoke0(Native Method)
	at sun.reflect.NativeMethodAccessorImpl.invoke(NativeMethodAccessorImpl.java:62)
	at sun.reflect.DelegatingMethodAccessorImpl.invoke(DelegatingMethodAccessorImpl.java:43)
	at java.lang.reflect.Method.invoke(Method.java:498)
	at org.testng.internal.MethodInvocationHelper.invokeMethod(MethodInvocationHelper.java:85)
	at org.testng.internal.Invoker.invokeMethod(Invoker.java:696)
	at org.testng.internal.Invoker.invokeTestMethod(Invoker.java:882)
	at org.testng.internal.Invoker.invokeTestMethods(Invoker.java:1189)
	at org.testng.internal.TestMethodWorker.invokeTestMethods(TestMethodWorker.java:124)
	at org.testng.internal.TestMethodWorker.run(TestMethodWorker.java:108)
	at org.testng.TestRunner.privateRun(TestRunner.java:767)
	at org.testng.TestRunner.run(TestRunner.java:617)
	at org.testng.SuiteRunner.runTest(SuiteRunner.java:348)
	at org.testng.SuiteRunner.runSequentially(SuiteRunner.java:343)
	at org.testng.SuiteRunner.privateRun(SuiteRunner.java:305)
	at org.testng.SuiteRunner.run(SuiteRunner.java:254)
	at org.testng.SuiteRunnerWorker.runSuite(SuiteRunnerWorker.java:52)
	at org.testng.SuiteRunnerWorker.run(SuiteRunnerWorker.java:86)
	at org.testng.TestNG.runSuitesSequentially(TestNG.java:1224)
	at org.testng.TestNG.runSuitesLocally(TestNG.java:1149)
	at org.testng.TestNG.run(TestNG.java:1057)
	at org.apache.maven.surefire.testng.TestNGExecutor.run(TestNGExecutor.java:77)
	at org.apache.maven.surefire.testng.TestNGDirectoryTestSuite.execute(TestNGDirectoryTestSuite.java:110)
	at org.apache.maven.surefire.testng.TestNGProvider.invoke(TestNGProvider.java:106)
	at sun.reflect.NativeMethodAccessorImpl.invoke0(Native Method)
	at sun.reflect.NativeMethodAccessorImpl.invoke(NativeMethodAccessorImpl.java:62)
	at sun.reflect.DelegatingMethodAccessorImpl.invoke(DelegatingMethodAccessorImpl.java:43)
	at java.lang.reflect.Method.invoke(Method.java:498)
	at org.apache.maven.surefire.util.ReflectionUtils.invokeMethodWithArray(ReflectionUtils.java:189)
	at org.apache.maven.surefire.booter.ProviderFactory$ProviderProxy.invoke(ProviderFactory.java:165)
	at org.apache.maven.surefire.booter.ProviderFactory.invokeProvider(ProviderFactory.java:85)
	at org.apache.maven.surefire.booter.ForkedBooter.runSuitesInProcess(ForkedBooter.java:115)
	at org.apache.maven.surefire.booter.ForkedBooter.main(ForkedBooter.java:75)
]]>
            </full-stacktrace>
          </exception> <!-- java.lang.IllegalStateException -->
          <reporter-output>
          </reporter-output>
        </test-method> <!-- testChangedWithoutWillChange -->
        <test-method status="PASS" signature="setUpMethod()[pri:0, instance:org.jhotdraw.draw.AbstractFigureNGTest@3796751b]" name="setUpMethod" is-config="true" duration-ms="0" started-at="2018-11-05T04:26:55Z" finished-at="2018-11-05T04:26:55Z">
          <reporter-output>
          </reporter-output>
        </test-method> <!-- setUpMethod -->
        <test-method status="PASS" signature="tearDownMethod()[pri:0, instance:org.jhotdraw.draw.AbstractFigureNGTest@3796751b]" name="tearDownMethod" is-config="true" duration-ms="0" started-at="2018-11-05T04:26:55Z" finished-at="2018-11-05T04:26:55Z">
          <reporter-output>
          </reporter-output>
        </test-method> <!-- tearDownMethod -->
        <test-method status="PASS" signature="setUpMethod()[pri:0, instance:org.jhotdraw.draw.AbstractFigureNGTest@3796751b]" name="setUpMethod" is-config="true" duration-ms="0" started-at="2018-11-05T04:26:55Z" finished-at="2018-11-05T04:26:55Z">
          <reporter-output>
          </reporter-output>
        </test-method> <!-- setUpMethod -->
        <test-method status="PASS" signature="testWillChangeChangedEvents()[pri:0, instance:org.jhotdraw.draw.AbstractFigureNGTest@3796751b]" name="testWillChangeChangedEvents" duration-ms="3" started-at="2018-11-05T04:26:55Z" finished-at="2018-11-05T04:26:55Z">
          <reporter-output>
          </reporter-output>
        </test-method> <!-- testWillChangeChangedEvents -->
        <test-method status="PASS" signature="tearDownClass()[pri:0, instance:org.jhotdraw.draw.AbstractFigureNGTest@3796751b]" name="tearDownClass" is-config="true" duration-ms="1" started-at="2018-11-05T04:26:55Z" finished-at="2018-11-05T04:26:55Z">
          <reporter-output>
          </reporter-output>
        </test-method> <!-- tearDownClass -->
        <test-method status="PASS" signature="tearDownMethod()[pri:0, instance:org.jhotdraw.draw.AbstractFigureNGTest@3796751b]" name="tearDownMethod" is-config="true" duration-ms="0" started-at="2018-11-05T04:26:55Z" finished-at="2018-11-05T04:26:55Z">
          <reporter-output>
          </reporter-output>
        </test-method> <!-- tearDownMethod -->
      </class> <!-- org.jhotdraw.draw.AbstractFigureNGTest -->
    </test> <!-- Command line test -->
  </suite> <!-- org.jhotdraw.draw.AbstractFigureNGTest -->
</testng-results>
